2025-09-03 13:40:24,165 - INFO - [db_handler:220] - Fechando pool de conexões com o MySQL.
2025-09-03 13:40:24,180 - INFO - [main:74] - ================ FINALIZANDO EXECUÇÃO ================

2025-09-03 13:40:31,370 - INFO - [logger_config:30] - Logger configurado com sucesso.
2025-09-03 13:40:31,370 - INFO - [main:43] - ================ INICIANDO TEST RUNNER ================
2025-09-03 13:40:31,431 - INFO - [authentication:66] - package: mysql.connector.plugins
2025-09-03 13:40:31,431 - INFO - [authentication:67] - plugin_name: mysql_native_password
2025-09-03 13:40:31,433 - INFO - [authentication:71] - AUTHENTICATION_PLUGIN_CLASS: MySQLNativePasswordAuthPlugin
2025-09-03 13:40:31,449 - INFO - [db_handler:26] - Pool de conexões com MySQL para 192.168.0.29:3306 criado com sucesso.
2025-09-03 13:40:34,507 - INFO - [test_dav_creation:141] - ### INICIANDO TESTE: Criação de Documento Auxiliar de Venda (DAV) ###
2025-09-03 13:40:34,508 - INFO - [test_dav_creation:147] - --- FASE 1: Coletando todas as informações necessárias ---
2025-09-03 13:40:34,510 - INFO - [db_handler:37] - Executando query: SELECT n.Nat_Codigo AS codigo_natureza, n.Nat_Desc AS descricao...
2025-09-03 13:40:38,580 - INFO - [test_dav_creation:47] - Usuário selecionou o código: VIN
2025-09-03 13:40:38,582 - INFO - [db_handler:37] - Executando query: SELECT p.PES_CODIGO AS codigo_cliente, p.pes_razao AS nome_cliente...
2025-09-03 13:40:40,870 - INFO - [test_dav_creation:47] - Usuário selecionou o código: 379
2025-09-03 13:40:40,872 - INFO - [db_handler:37] - Executando query: SELECT Nat_cfgvendedor FROM natoper WHERE Nat_Codigo = %s...
2025-09-03 13:40:40,882 - INFO - [db_handler:37] - Executando query: SELECT c.CLB_CODIGO AS codigo_colaborador, c.CLB_RAZAO AS nome_vendedor...
2025-09-03 13:40:43,715 - INFO - [test_dav_creation:47] - Usuário selecionou o código: 504
2025-09-03 13:40:43,717 - INFO - [db_handler:37] - Executando query: SELECT DISTINCT fp.FPG_CODIGO AS codigo_forma, fp.FPG_DESC AS descricao...
2025-09-03 13:40:44,837 - INFO - [test_dav_creation:47] - Usuário selecionou o código: DH
2025-09-03 13:40:44,838 - INFO - [db_handler:37] - Executando query: SELECT DISTINCT cp.CPG_CODIGO as codigo_condicao, cp.CPG_DESC AS descricao...
2025-09-03 13:40:46,115 - INFO - [test_dav_creation:47] - Usuário selecionou o código: 113
2025-09-03 13:40:46,116 - INFO - [db_handler:37] - Executando query: SELECT codigo_produto, nome_produto, EstoqueDisponivel...
2025-09-03 13:40:53,373 - INFO - [test_dav_creation:98] - Usuário selecionou 2 itens: ['1', '2']
2025-09-03 13:40:53,376 - INFO - [db_handler:37] - Executando query: SELECT...
2025-09-03 13:40:53,382 - INFO - [test_dav_creation:197] - --- FASE 1 CONCLUÍDA: Todos os dados foram coletados. ---
2025-09-03 13:40:53,383 - INFO - [test_dav_creation:198] - A automação da interface começará em 3 segundos...
2025-09-03 13:40:56,383 - INFO - [test_dav_creation:204] - --- FASE 2: Iniciando automação da interface do Guardian ---
2025-09-03 13:41:01,475 - ERROR - [test_dav_creation:397] - Ocorreu um erro durante o teste de criação de DAV: timed out
Traceback (most recent call last):
  File "C:\Space\Testes-Automatizados\src\tests\test_dav_creation.py", line 208, in run
    main_window.wait('visible', timeout=5)
    ~~~~~~~~~~~~~~~~^^^^^^^^^^^^^^^^^^^^^^
  File "C:\Space\Testes-Automatizados\.venv\Lib\site-packages\pywinauto\application.py", line 529, in wait
    wait_until(timeout, retry_interval,
    ~~~~~~~~~~^^^^^^^^^^^^^^^^^^^^^^^^^
               lambda: self.__check_all_conditions(check_method_names, retry_interval))
               ^^^^^^^^^^^^^^^^^^^^^^^^^^^^^^^^^^^^^^^^^^^^^^^^^^^^^^^^^^^^^^^^^^^^^^^^
  File "C:\Space\Testes-Automatizados\.venv\Lib\site-packages\pywinauto\timings.py", line 375, in wait_until
    raise err
pywinauto.timings.TimeoutError: timed out
2025-09-03 13:41:43,347 - INFO - [test_dav_creation:141] - ### INICIANDO TESTE: Criação de Documento Auxiliar de Venda (DAV) ###
2025-09-03 13:41:43,348 - INFO - [test_dav_creation:147] - --- FASE 1: Coletando todas as informações necessárias ---
2025-09-03 13:41:43,350 - INFO - [db_handler:37] - Executando query: SELECT n.Nat_Codigo AS codigo_natureza, n.Nat_Desc AS descricao...
2025-09-03 13:41:45,932 - INFO - [test_dav_creation:47] - Usuário selecionou o código: VIN
2025-09-03 13:41:45,934 - INFO - [db_handler:37] - Executando query: SELECT p.PES_CODIGO AS codigo_cliente, p.pes_razao AS nome_cliente...
2025-09-03 13:41:49,138 - INFO - [test_dav_creation:47] - Usuário selecionou o código: 379
2025-09-03 13:41:49,141 - INFO - [db_handler:37] - Executando query: SELECT Nat_cfgvendedor FROM natoper WHERE Nat_Codigo = %s...
2025-09-03 13:41:49,149 - INFO - [db_handler:37] - Executando query: SELECT c.CLB_CODIGO AS codigo_colaborador, c.CLB_RAZAO AS nome_vendedor...
2025-09-03 13:41:50,954 - INFO - [test_dav_creation:47] - Usuário selecionou o código: 504
2025-09-03 13:41:50,957 - INFO - [db_handler:37] - Executando query: SELECT DISTINCT fp.FPG_CODIGO AS codigo_forma, fp.FPG_DESC AS descricao...
2025-09-03 13:41:52,268 - INFO - [test_dav_creation:47] - Usuário selecionou o código: DH
2025-09-03 13:41:52,270 - INFO - [db_handler:37] - Executando query: SELECT DISTINCT cp.CPG_CODIGO as codigo_condicao, cp.CPG_DESC AS descricao...
2025-09-03 13:41:53,403 - INFO - [test_dav_creation:47] - Usuário selecionou o código: 113
2025-09-03 13:41:53,423 - INFO - [db_handler:37] - Executando query: SELECT codigo_produto, nome_produto, EstoqueDisponivel...
2025-09-03 13:42:00,626 - INFO - [test_dav_creation:98] - Usuário selecionou 2 itens: ['1', '2']
2025-09-03 13:42:00,628 - INFO - [db_handler:37] - Executando query: SELECT...
2025-09-03 13:42:00,633 - INFO - [test_dav_creation:197] - --- FASE 1 CONCLUÍDA: Todos os dados foram coletados. ---
2025-09-03 13:42:00,634 - INFO - [test_dav_creation:198] - A automação da interface começará em 3 segundos...
2025-09-03 13:42:03,634 - INFO - [test_dav_creation:204] - --- FASE 2: Iniciando automação da interface do Guardian ---
2025-09-03 13:42:08,725 - ERROR - [test_dav_creation:397] - Ocorreu um erro durante o teste de criação de DAV: timed out
Traceback (most recent call last):
  File "C:\Space\Testes-Automatizados\src\tests\test_dav_creation.py", line 208, in run
    main_window.wait('visible', timeout=5)
    ~~~~~~~~~~~~~~~~^^^^^^^^^^^^^^^^^^^^^^
  File "C:\Space\Testes-Automatizados\.venv\Lib\site-packages\pywinauto\application.py", line 529, in wait
    wait_until(timeout, retry_interval,
    ~~~~~~~~~~^^^^^^^^^^^^^^^^^^^^^^^^^
               lambda: self.__check_all_conditions(check_method_names, retry_interval))
               ^^^^^^^^^^^^^^^^^^^^^^^^^^^^^^^^^^^^^^^^^^^^^^^^^^^^^^^^^^^^^^^^^^^^^^^^
  File "C:\Space\Testes-Automatizados\.venv\Lib\site-packages\pywinauto\timings.py", line 375, in wait_until
    raise err
pywinauto.timings.TimeoutError: timed out
2025-09-03 13:47:07,947 - INFO - [test_dav_creation:141] - ### INICIANDO TESTE: Criação de Documento Auxiliar de Venda (DAV) ###
2025-09-03 13:47:07,948 - INFO - [test_dav_creation:147] - --- FASE 1: Coletando todas as informações necessárias ---
2025-09-03 13:47:07,950 - INFO - [db_handler:37] - Executando query: SELECT n.Nat_Codigo AS codigo_natureza, n.Nat_Desc AS descricao...
2025-09-03 13:47:11,194 - INFO - [test_dav_creation:47] - Usuário selecionou o código: VIN
2025-09-03 13:47:11,196 - INFO - [db_handler:37] - Executando query: SELECT p.PES_CODIGO AS codigo_cliente, p.pes_razao AS nome_cliente...
2025-09-03 13:47:13,948 - INFO - [test_dav_creation:47] - Usuário selecionou o código: 379
2025-09-03 13:47:13,951 - INFO - [db_handler:37] - Executando query: SELECT Nat_cfgvendedor FROM natoper WHERE Nat_Codigo = %s...
2025-09-03 13:47:13,959 - INFO - [db_handler:37] - Executando query: SELECT c.CLB_CODIGO AS codigo_colaborador, c.CLB_RAZAO AS nome_vendedor...
2025-09-03 13:47:15,494 - INFO - [test_dav_creation:47] - Usuário selecionou o código: 504
2025-09-03 13:47:15,496 - INFO - [db_handler:37] - Executando query: SELECT DISTINCT fp.FPG_CODIGO AS codigo_forma, fp.FPG_DESC AS descricao...
2025-09-03 13:47:16,556 - INFO - [test_dav_creation:47] - Usuário selecionou o código: DH
2025-09-03 13:47:16,558 - INFO - [db_handler:37] - Executando query: SELECT DISTINCT cp.CPG_CODIGO as codigo_condicao, cp.CPG_DESC AS descricao...
2025-09-03 13:47:17,444 - INFO - [test_dav_creation:47] - Usuário selecionou o código: 113
2025-09-03 13:47:17,446 - INFO - [db_handler:37] - Executando query: SELECT codigo_produto, nome_produto, EstoqueDisponivel...
2025-09-03 13:47:26,361 - INFO - [test_dav_creation:98] - Usuário selecionou 2 itens: ['1', '2']
2025-09-03 13:47:26,364 - INFO - [db_handler:37] - Executando query: SELECT...
2025-09-03 13:47:26,372 - INFO - [test_dav_creation:197] - --- FASE 1 CONCLUÍDA: Todos os dados foram coletados. ---
2025-09-03 13:47:26,372 - INFO - [test_dav_creation:198] - A automação da interface começará em 3 segundos...
2025-09-03 13:47:29,372 - INFO - [test_dav_creation:204] - --- FASE 2: Iniciando automação da interface do Guardian ---
2025-09-03 13:47:34,464 - ERROR - [test_dav_creation:397] - Ocorreu um erro durante o teste de criação de DAV: timed out
Traceback (most recent call last):
  File "C:\Space\Testes-Automatizados\src\tests\test_dav_creation.py", line 208, in run
    main_window.wait('visible', timeout=5)
    ~~~~~~~~~~~~~~~~^^^^^^^^^^^^^^^^^^^^^^
  File "C:\Space\Testes-Automatizados\.venv\Lib\site-packages\pywinauto\application.py", line 529, in wait
    wait_until(timeout, retry_interval,
    ~~~~~~~~~~^^^^^^^^^^^^^^^^^^^^^^^^^
               lambda: self.__check_all_conditions(check_method_names, retry_interval))
               ^^^^^^^^^^^^^^^^^^^^^^^^^^^^^^^^^^^^^^^^^^^^^^^^^^^^^^^^^^^^^^^^^^^^^^^^
  File "C:\Space\Testes-Automatizados\.venv\Lib\site-packages\pywinauto\timings.py", line 375, in wait_until
    raise err
pywinauto.timings.TimeoutError: timed out
2025-09-03 13:49:15,059 - INFO - [db_handler:220] - Fechando pool de conexões com o MySQL.
2025-09-03 13:49:15,060 - INFO - [main:74] - ================ FINALIZANDO EXECUÇÃO ================

2025-09-03 13:49:17,368 - INFO - [logger_config:30] - Logger configurado com sucesso.
2025-09-03 13:49:17,368 - INFO - [main:43] - ================ INICIANDO TEST RUNNER ================
2025-09-03 13:49:17,393 - INFO - [authentication:66] - package: mysql.connector.plugins
2025-09-03 13:49:17,393 - INFO - [authentication:67] - plugin_name: mysql_native_password
2025-09-03 13:49:17,394 - INFO - [authentication:71] - AUTHENTICATION_PLUGIN_CLASS: MySQLNativePasswordAuthPlugin
2025-09-03 13:49:17,409 - INFO - [db_handler:26] - Pool de conexões com MySQL para 192.168.0.29:3306 criado com sucesso.
2025-09-03 13:49:19,595 - INFO - [test_dav_creation:141] - ### INICIANDO TESTE: Criação de Documento Auxiliar de Venda (DAV) ###
2025-09-03 13:49:19,596 - INFO - [test_dav_creation:147] - --- FASE 1: Coletando todas as informações necessárias ---
2025-09-03 13:49:19,598 - INFO - [db_handler:37] - Executando query: SELECT n.Nat_Codigo AS codigo_natureza, n.Nat_Desc AS descricao...
2025-09-03 13:49:26,472 - INFO - [test_dav_creation:47] - Usuário selecionou o código: VIN
2025-09-03 13:49:26,474 - INFO - [db_handler:37] - Executando query: SELECT p.PES_CODIGO AS codigo_cliente, p.pes_razao AS nome_cliente...
2025-09-03 13:49:29,276 - INFO - [test_dav_creation:47] - Usuário selecionou o código: 379
2025-09-03 13:49:29,278 - INFO - [db_handler:37] - Executando query: SELECT Nat_cfgvendedor FROM natoper WHERE Nat_Codigo = %s...
2025-09-03 13:49:29,287 - INFO - [db_handler:37] - Executando query: SELECT c.CLB_CODIGO AS codigo_colaborador, c.CLB_RAZAO AS nome_vendedor...
2025-09-03 13:49:31,349 - INFO - [test_dav_creation:47] - Usuário selecionou o código: 504
2025-09-03 13:49:31,351 - INFO - [db_handler:37] - Executando query: SELECT DISTINCT fp.FPG_CODIGO AS codigo_forma, fp.FPG_DESC AS descricao...
2025-09-03 13:49:39,019 - INFO - [test_dav_creation:47] - Usuário selecionou o código: DH
2025-09-03 13:49:39,021 - INFO - [db_handler:37] - Executando query: SELECT DISTINCT cp.CPG_CODIGO as codigo_condicao, cp.CPG_DESC AS descricao...
2025-09-03 13:49:39,892 - INFO - [test_dav_creation:47] - Usuário selecionou o código: 113
2025-09-03 13:49:39,894 - INFO - [db_handler:37] - Executando query: SELECT codigo_produto, nome_produto, EstoqueDisponivel...
2025-09-03 13:49:47,229 - INFO - [test_dav_creation:98] - Usuário selecionou 2 itens: ['1', '2']
2025-09-03 13:49:47,231 - INFO - [db_handler:37] - Executando query: SELECT...
2025-09-03 13:49:47,238 - INFO - [test_dav_creation:197] - --- FASE 1 CONCLUÍDA: Todos os dados foram coletados. ---
2025-09-03 13:49:47,238 - INFO - [test_dav_creation:198] - A automação da interface começará em 3 segundos...
2025-09-03 13:49:50,238 - INFO - [test_dav_creation:204] - --- FASE 2: Iniciando automação da interface do Guardian ---
2025-09-03 13:49:50,244 - INFO - [test_dav_creation:209] - Janela principal do Guardian encontrada e pronta para automação.
2025-09-03 13:49:50,455 - INFO - [test_dav_creation:214] - Passo 3: Navegado para a seção 'Vendas'.
2025-09-03 13:49:50,469 - INFO - [test_dav_creation:218] - Passo 4: Tela de inclusão de DAV aberta.
2025-09-03 13:49:50,469 - INFO - [test_dav_creation:221] - Passo 5: Procurando pela janela filha de Inclusão de DAV...
2025-09-03 13:49:51,018 - INFO - [test_dav_creation:225] -    -> Janela de Inclusão de DAV encontrada. Pressionando F2...
2025-09-03 13:49:52,125 - INFO - [test_dav_creation:130] - Diálogo opcional 'Confirmação' não apareceu. Prosseguindo...
2025-09-03 13:49:52,125 - INFO - [test_dav_creation:232] - Passo 6: Inserindo Natureza de Operação pré-selecionada...
2025-09-03 13:49:52,465 - INFO - [test_dav_creation:235] -    -> Natureza 'VIN' inserida.
2025-09-03 13:49:52,465 - INFO - [test_dav_creation:238] - Passo 7: Verificando Nat_DatEmisPed...
2025-09-03 13:49:52,467 - INFO - [db_handler:37] - Executando query: SELECT Nat_DatEmisPed FROM natoper WHERE Nat_Codigo = %s...
2025-09-03 13:49:52,475 - INFO - [test_dav_creation:244] -    -> Nat_DatEmisPed != 1. Pressionando ENTER 2x.
2025-09-03 13:49:52,490 - INFO - [test_dav_creation:248] - Passo 8: Inserindo Cliente pré-selecionado...
2025-09-03 13:49:52,695 - INFO - [test_dav_creation:251] -    -> Cliente '379' inserido.
2025-09-03 13:49:52,737 - INFO - [test_dav_creation:122] - Diálogo 'Advertência' encontrado.
2025-09-03 13:49:52,753 - INFO - [test_dav_creation:126] - --> Combinação de teclas '{ENTER}' enviada com sucesso.
2025-09-03 13:49:52,820 - INFO - [test_dav_creation:122] - Diálogo 'Atenção' encontrado.
2025-09-03 13:49:52,835 - INFO - [test_dav_creation:126] - --> Combinação de teclas '{ENTER}' enviada com sucesso.
2025-09-03 13:49:53,927 - INFO - [test_dav_creation:273] - Tela de endereços não foi encontrada script continua
2025-09-03 13:49:53,927 - INFO - [test_dav_creation:276] - Passo 9: Verificando configuração do vendedor...
2025-09-03 13:49:53,927 - INFO - [test_dav_creation:277] -    -> Valor de Nat_cfgvendedor: 3
2025-09-03 13:49:53,928 - INFO - [test_dav_creation:285] -    -> CfgVendedor = 3. Inserindo Vendedor pré-selecionado...
2025-09-03 13:49:54,313 - INFO - [test_dav_creation:289] -    -> Vendedor '504' inserido.
2025-09-03 13:49:55,405 - INFO - [test_dav_creation:130] - Diálogo opcional 'Confirmação' não apareceu. Prosseguindo...
2025-09-03 13:49:55,405 - INFO - [test_dav_creation:311] - Passo 12: Inserindo Forma de Pagamento pré-selecionada...
2025-09-03 13:49:55,835 - INFO - [test_dav_creation:315] -    -> Forma de pagamento 'DH' inserida.
2025-09-03 13:49:55,836 - INFO - [test_dav_creation:318] - Passo 13: Pressionando ENTER.
2025-09-03 13:49:55,850 - INFO - [test_dav_creation:322] - Passo 14: Inserindo Condição de Pagamento pré-selecionada...
2025-09-03 13:49:55,931 - INFO - [test_dav_creation:325] -    -> Condição de pagamento '113' inserida.
2025-09-03 13:49:55,931 - INFO - [test_dav_creation:328] - Passo 15: Pressionando ENTER 4x para lançar os itens.
2025-09-03 13:49:55,989 - INFO - [test_dav_creation:330] - Processo de preenchimento inicial do DAV finalizado com sucesso!
2025-09-03 13:49:55,990 - INFO - [test_dav_creation:333] - Passo 16: Verificando a existencia da caixa de diálogo Aliquota de Comissão 
2025-09-03 13:49:55,992 - INFO - [db_handler:37] - Executando query: SELECT Pa5_DigComisDav FROM parametro5...
2025-09-03 13:49:55,999 - INFO - [test_dav_creation:338] - Sistema não permite lançar comissão no DAV pulando para o proximo passo
2025-09-03 13:49:55,999 - INFO - [test_dav_creation:341] - Passo 17: Iniciando lançamento de itens...
2025-09-03 13:49:56,000 - INFO - [test_dav_creation:342] - Iniciando loop para lançar os produtos na tela de DAV...
2025-09-03 13:49:56,000 - INFO - [test_dav_creation:345] -    -> Lançando produto: 1
2025-09-03 13:49:56,016 - INFO - [db_handler:37] - Executando query: SELECT pa2_vultpreco FROM parametro2...
2025-09-03 13:49:56,022 - INFO - [test_dav_creation:357] - Produto tem 1 unidade(s) mapeada(s).
2025-09-03 13:49:56,038 - INFO - [db_handler:37] - Executando query: SELECT Nat_LcLtPeds FROM natoper WHERE Nat_Codigo = %s...
2025-09-03 13:49:56,057 - INFO - [test_dav_creation:375] - Estoque disponível: 4. Quantidade sorteada: 2
2025-09-03 13:49:56,075 - INFO - [db_handler:37] - Executando query: SELECT pa2_infacreped FROM parametro2...
2025-09-03 13:49:56,089 - INFO - [db_handler:37] - Executando query: SELECT pa2_infdescped FROM parametro2...
2025-09-03 13:49:56,163 - INFO - [db_handler:37] - Executando query: SELECT pa4_tipoentit FROM parametro4...
2025-09-03 13:49:56,170 - INFO - [test_dav_creation:390] - Pressionando ENTER 3x para gravar o item.
2025-09-03 13:49:56,205 - INFO - [test_dav_creation:345] -    -> Lançando produto: 2
2025-09-03 13:49:56,223 - INFO - [db_handler:37] - Executando query: SELECT pa2_vultpreco FROM parametro2...
2025-09-03 13:49:56,231 - INFO - [test_dav_creation:357] - Produto tem 1 unidade(s) mapeada(s).
2025-09-03 13:49:56,247 - INFO - [db_handler:37] - Executando query: SELECT Nat_LcLtPeds FROM natoper WHERE Nat_Codigo = %s...
2025-09-03 13:49:56,269 - INFO - [test_dav_creation:375] - Estoque disponível: 2116. Quantidade sorteada: 282
2025-09-03 13:49:56,306 - INFO - [db_handler:37] - Executando query: SELECT pa2_infacreped FROM parametro2...
2025-09-03 13:49:56,315 - INFO - [db_handler:37] - Executando query: SELECT pa2_infdescped FROM parametro2...
2025-09-03 13:49:56,386 - INFO - [db_handler:37] - Executando query: SELECT pa4_tipoentit FROM parametro4...
2025-09-03 13:49:56,394 - INFO - [test_dav_creation:390] - Pressionando ENTER 3x para gravar o item.
2025-09-03 13:49:56,429 - INFO - [test_dav_creation:393] - Todos os itens selecionados foram lançados com sucesso.
2025-09-03 13:49:56,429 - INFO - [test_dav_creation:394] - ### TESTE CONCLUÍDO: Criação de DAV ###
2025-09-03 13:51:36,379 - INFO - [test_dav_creation:141] - ### INICIANDO TESTE: Criação de Documento Auxiliar de Venda (DAV) ###
2025-09-03 13:51:36,380 - INFO - [test_dav_creation:147] - --- FASE 1: Coletando todas as informações necessárias ---
2025-09-03 13:51:36,382 - INFO - [db_handler:37] - Executando query: SELECT n.Nat_Codigo AS codigo_natureza, n.Nat_Desc AS descricao...
2025-09-03 13:52:25,541 - INFO - [test_dav_creation:47] - Usuário selecionou o código: VIN
2025-09-03 13:52:25,543 - INFO - [db_handler:37] - Executando query: SELECT p.PES_CODIGO AS codigo_cliente, p.pes_razao AS nome_cliente...
2025-09-03 13:52:28,230 - INFO - [test_dav_creation:47] - Usuário selecionou o código: 379
2025-09-03 13:52:28,231 - INFO - [db_handler:37] - Executando query: SELECT Nat_cfgvendedor FROM natoper WHERE Nat_Codigo = %s...
2025-09-03 13:52:28,236 - INFO - [db_handler:37] - Executando query: SELECT c.CLB_CODIGO AS codigo_colaborador, c.CLB_RAZAO AS nome_vendedor...
2025-09-03 13:52:30,644 - INFO - [test_dav_creation:47] - Usuário selecionou o código: 504
2025-09-03 13:52:30,646 - INFO - [db_handler:37] - Executando query: SELECT DISTINCT fp.FPG_CODIGO AS codigo_forma, fp.FPG_DESC AS descricao...
2025-09-03 13:52:32,713 - INFO - [test_dav_creation:47] - Usuário selecionou o código: DH
2025-09-03 13:52:32,715 - INFO - [db_handler:37] - Executando query: SELECT DISTINCT cp.CPG_CODIGO as codigo_condicao, cp.CPG_DESC AS descricao...
2025-09-03 13:52:33,488 - INFO - [test_dav_creation:47] - Usuário selecionou o código: 113
2025-09-03 13:52:33,489 - INFO - [db_handler:37] - Executando query: SELECT codigo_produto, nome_produto, EstoqueDisponivel...
2025-09-03 13:52:39,985 - INFO - [test_dav_creation:98] - Usuário selecionou 2 itens: ['1', '2']
2025-09-03 13:52:39,988 - INFO - [db_handler:37] - Executando query: SELECT...
2025-09-03 13:52:39,995 - INFO - [test_dav_creation:197] - --- FASE 1 CONCLUÍDA: Todos os dados foram coletados. ---
2025-09-03 13:52:39,995 - INFO - [test_dav_creation:198] - A automação da interface começará em 3 segundos...
2025-09-03 13:52:42,995 - INFO - [test_dav_creation:204] - --- FASE 2: Iniciando automação da interface do Guardian ---
2025-09-03 13:52:43,001 - INFO - [test_dav_creation:209] - Janela principal do Guardian encontrada e pronta para automação.
2025-09-03 13:52:43,213 - INFO - [test_dav_creation:214] - Passo 3: Navegado para a seção 'Vendas'.
2025-09-03 13:52:43,226 - INFO - [test_dav_creation:218] - Passo 4: Tela de inclusão de DAV aberta.
2025-09-03 13:52:43,227 - INFO - [test_dav_creation:221] - Passo 5: Procurando pela janela filha de Inclusão de DAV...
2025-09-03 13:52:43,749 - INFO - [test_dav_creation:225] -    -> Janela de Inclusão de DAV encontrada. Pressionando F2...
2025-09-03 13:52:44,855 - INFO - [test_dav_creation:130] - Diálogo opcional 'Confirmação' não apareceu. Prosseguindo...
2025-09-03 13:52:44,855 - INFO - [test_dav_creation:232] - Passo 6: Inserindo Natureza de Operação pré-selecionada...
2025-09-03 13:52:45,281 - INFO - [test_dav_creation:235] -    -> Natureza 'VIN' inserida.
2025-09-03 13:52:45,281 - INFO - [test_dav_creation:238] - Passo 7: Verificando Nat_DatEmisPed...
2025-09-03 13:52:45,284 - INFO - [db_handler:37] - Executando query: SELECT Nat_DatEmisPed FROM natoper WHERE Nat_Codigo = %s...
2025-09-03 13:52:45,292 - INFO - [test_dav_creation:244] -    -> Nat_DatEmisPed != 1. Pressionando ENTER 2x.
2025-09-03 13:52:45,307 - INFO - [test_dav_creation:248] - Passo 8: Inserindo Cliente pré-selecionado...
2025-09-03 13:52:45,388 - INFO - [test_dav_creation:251] -    -> Cliente '379' inserido.
2025-09-03 13:52:46,492 - INFO - [test_dav_creation:130] - Diálogo opcional 'Advertência' não apareceu. Prosseguindo...
2025-09-03 13:52:47,585 - INFO - [test_dav_creation:130] - Diálogo opcional 'Atenção' não apareceu. Prosseguindo...
2025-09-03 13:52:48,676 - INFO - [test_dav_creation:273] - Tela de endereços não foi encontrada script continua
2025-09-03 13:52:48,676 - INFO - [test_dav_creation:276] - Passo 9: Verificando configuração do vendedor...
2025-09-03 13:52:48,676 - INFO - [test_dav_creation:277] -    -> Valor de Nat_cfgvendedor: 3
2025-09-03 13:52:48,676 - INFO - [test_dav_creation:285] -    -> CfgVendedor = 3. Inserindo Vendedor pré-selecionado...
2025-09-03 13:52:48,781 - INFO - [test_dav_creation:289] -    -> Vendedor '504' inserido.
2025-09-03 13:52:49,872 - INFO - [test_dav_creation:130] - Diálogo opcional 'Confirmação' não apareceu. Prosseguindo...
2025-09-03 13:52:49,873 - INFO - [test_dav_creation:311] - Passo 12: Inserindo Forma de Pagamento pré-selecionada...
2025-09-03 13:52:50,135 - INFO - [test_dav_creation:315] -    -> Forma de pagamento 'DH' inserida.
2025-09-03 13:52:50,135 - INFO - [test_dav_creation:318] - Passo 13: Pressionando ENTER.
2025-09-03 13:52:50,151 - INFO - [test_dav_creation:322] - Passo 14: Inserindo Condição de Pagamento pré-selecionada...
2025-09-03 13:52:50,235 - INFO - [test_dav_creation:325] -    -> Condição de pagamento '113' inserida.
2025-09-03 13:52:50,235 - INFO - [test_dav_creation:328] - Passo 15: Pressionando ENTER 4x para lançar os itens.
2025-09-03 13:52:50,292 - INFO - [test_dav_creation:330] - Processo de preenchimento inicial do DAV finalizado com sucesso!
2025-09-03 13:52:50,292 - INFO - [test_dav_creation:333] - Passo 16: Verificando a existencia da caixa de diálogo Aliquota de Comissão 
2025-09-03 13:52:50,295 - INFO - [db_handler:37] - Executando query: SELECT Pa5_DigComisDav FROM parametro5...
2025-09-03 13:52:50,301 - INFO - [test_dav_creation:338] - Sistema não permite lançar comissão no DAV pulando para o proximo passo
2025-09-03 13:52:50,301 - INFO - [test_dav_creation:341] - Passo 17: Iniciando lançamento de itens...
2025-09-03 13:52:50,301 - INFO - [test_dav_creation:342] - Iniciando loop para lançar os produtos na tela de DAV...
2025-09-03 13:52:50,301 - INFO - [test_dav_creation:345] -    -> Lançando produto: 1
2025-09-03 13:52:50,317 - INFO - [db_handler:37] - Executando query: SELECT pa2_vultpreco FROM parametro2...
2025-09-03 13:52:50,323 - INFO - [test_dav_creation:357] - Produto tem 1 unidade(s) mapeada(s).
2025-09-03 13:52:50,339 - INFO - [db_handler:37] - Executando query: SELECT Nat_LcLtPeds FROM natoper WHERE Nat_Codigo = %s...
2025-09-03 13:52:50,530 - INFO - [test_dav_creation:375] - Estoque disponível: 4. Quantidade sorteada: 3
2025-09-03 13:52:50,720 - INFO - [db_handler:37] - Executando query: SELECT pa2_infacreped FROM parametro2...
2025-09-03 13:52:50,729 - INFO - [db_handler:37] - Executando query: SELECT pa2_infdescped FROM parametro2...
2025-09-03 13:52:50,817 - INFO - [db_handler:37] - Executando query: SELECT pa4_tipoentit FROM parametro4...
2025-09-03 13:52:50,825 - INFO - [test_dav_creation:390] - Pressionando ENTER 3x para gravar o item.
2025-09-03 13:52:50,883 - INFO - [test_dav_creation:345] -    -> Lançando produto: 2
2025-09-03 13:52:52,205 - INFO - [db_handler:37] - Executando query: SELECT pa2_vultpreco FROM parametro2...
2025-09-03 13:52:52,211 - INFO - [test_dav_creation:357] - Produto tem 1 unidade(s) mapeada(s).
2025-09-03 13:52:52,443 - INFO - [db_handler:37] - Executando query: SELECT Nat_LcLtPeds FROM natoper WHERE Nat_Codigo = %s...
2025-09-03 13:52:52,628 - INFO - [test_dav_creation:375] - Estoque disponível: 2116. Quantidade sorteada: 787
2025-09-03 13:52:52,837 - INFO - [db_handler:37] - Executando query: SELECT pa2_infacreped FROM parametro2...
2025-09-03 13:52:52,845 - INFO - [db_handler:37] - Executando query: SELECT pa2_infdescped FROM parametro2...
2025-09-03 13:52:52,920 - INFO - [db_handler:37] - Executando query: SELECT pa4_tipoentit FROM parametro4...
2025-09-03 13:52:52,928 - INFO - [test_dav_creation:390] - Pressionando ENTER 3x para gravar o item.
2025-09-03 13:52:53,067 - INFO - [test_dav_creation:393] - Todos os itens selecionados foram lançados com sucesso.
2025-09-03 13:52:53,067 - INFO - [test_dav_creation:394] - ### TESTE CONCLUÍDO: Criação de DAV ###
2025-09-03 13:53:08,956 - INFO - [db_handler:220] - Fechando pool de conexões com o MySQL.
2025-09-03 13:53:08,956 - INFO - [main:74] - ================ FINALIZANDO EXECUÇÃO ================

2025-09-03 13:53:24,774 - INFO - [logger_config:30] - Logger configurado com sucesso.
2025-09-03 13:53:24,774 - INFO - [main:43] - ================ INICIANDO TEST RUNNER ================
2025-09-03 13:53:24,794 - INFO - [authentication:66] - package: mysql.connector.plugins
2025-09-03 13:53:24,794 - INFO - [authentication:67] - plugin_name: mysql_native_password
2025-09-03 13:53:24,795 - INFO - [authentication:71] - AUTHENTICATION_PLUGIN_CLASS: MySQLNativePasswordAuthPlugin
2025-09-03 13:53:24,810 - INFO - [db_handler:26] - Pool de conexões com MySQL para 192.168.0.29:3306 criado com sucesso.
2025-09-03 13:53:26,779 - INFO - [test_dav_creation:141] - ### INICIANDO TESTE: Criação de Documento Auxiliar de Venda (DAV) ###
2025-09-03 13:53:26,779 - INFO - [test_dav_creation:147] - --- FASE 1: Coletando todas as informações necessárias ---
2025-09-03 13:53:26,781 - INFO - [db_handler:37] - Executando query: SELECT n.Nat_Codigo AS codigo_natureza, n.Nat_Desc AS descricao...
2025-09-03 13:53:31,099 - INFO - [test_dav_creation:47] - Usuário selecionou o código: VIN
2025-09-03 13:53:31,101 - INFO - [db_handler:37] - Executando query: SELECT p.PES_CODIGO AS codigo_cliente, p.pes_razao AS nome_cliente...
2025-09-03 13:53:36,275 - INFO - [test_dav_creation:47] - Usuário selecionou o código: 379
2025-09-03 13:53:36,277 - INFO - [db_handler:37] - Executando query: SELECT Nat_cfgvendedor FROM natoper WHERE Nat_Codigo = %s...
2025-09-03 13:53:36,287 - INFO - [db_handler:37] - Executando query: SELECT c.CLB_CODIGO AS codigo_colaborador, c.CLB_RAZAO AS nome_vendedor...
2025-09-03 13:53:38,332 - INFO - [test_dav_creation:47] - Usuário selecionou o código: 504
2025-09-03 13:53:38,335 - INFO - [db_handler:37] - Executando query: SELECT DISTINCT fp.FPG_CODIGO AS codigo_forma, fp.FPG_DESC AS descricao...
2025-09-03 13:53:40,038 - INFO - [test_dav_creation:47] - Usuário selecionou o código: DH
2025-09-03 13:53:40,040 - INFO - [db_handler:37] - Executando query: SELECT DISTINCT cp.CPG_CODIGO as codigo_condicao, cp.CPG_DESC AS descricao...
2025-09-03 13:53:40,902 - INFO - [test_dav_creation:47] - Usuário selecionou o código: 113
2025-09-03 13:53:40,905 - INFO - [db_handler:37] - Executando query: SELECT codigo_produto, nome_produto, EstoqueDisponivel...
2025-09-03 13:53:48,541 - INFO - [test_dav_creation:98] - Usuário selecionou 2 itens: ['1', '2']
2025-09-03 13:53:48,548 - INFO - [db_handler:37] - Executando query: SELECT...
2025-09-03 13:53:48,557 - INFO - [test_dav_creation:197] - --- FASE 1 CONCLUÍDA: Todos os dados foram coletados. ---
2025-09-03 13:53:48,557 - INFO - [test_dav_creation:198] - A automação da interface começará em 3 segundos...
2025-09-03 13:53:51,558 - INFO - [test_dav_creation:204] - --- FASE 2: Iniciando automação da interface do Guardian ---
2025-09-03 13:53:51,563 - INFO - [test_dav_creation:209] - Janela principal do Guardian encontrada e pronta para automação.
2025-09-03 13:53:51,774 - INFO - [test_dav_creation:214] - Passo 3: Navegado para a seção 'Vendas'.
2025-09-03 13:53:51,788 - INFO - [test_dav_creation:218] - Passo 4: Tela de inclusão de DAV aberta.
2025-09-03 13:53:51,789 - INFO - [test_dav_creation:221] - Passo 5: Procurando pela janela filha de Inclusão de DAV...
2025-09-03 13:53:52,344 - INFO - [test_dav_creation:225] -    -> Janela de Inclusão de DAV encontrada. Pressionando F2...
2025-09-03 13:53:53,451 - INFO - [test_dav_creation:130] - Diálogo opcional 'Confirmação' não apareceu. Prosseguindo...
2025-09-03 13:53:53,451 - INFO - [test_dav_creation:232] - Passo 6: Inserindo Natureza de Operação pré-selecionada...
2025-09-03 13:53:53,721 - INFO - [test_dav_creation:235] -    -> Natureza 'VIN' inserida.
2025-09-03 13:53:53,721 - INFO - [test_dav_creation:238] - Passo 7: Verificando Nat_DatEmisPed...
2025-09-03 13:53:53,723 - INFO - [db_handler:37] - Executando query: SELECT Nat_DatEmisPed FROM natoper WHERE Nat_Codigo = %s...
2025-09-03 13:53:53,731 - INFO - [test_dav_creation:244] -    -> Nat_DatEmisPed != 1. Pressionando ENTER 2x.
2025-09-03 13:53:53,747 - INFO - [test_dav_creation:248] - Passo 8: Inserindo Cliente pré-selecionado...
2025-09-03 13:53:53,970 - INFO - [test_dav_creation:251] -    -> Cliente '379' inserido.
2025-09-03 13:53:54,018 - INFO - [test_dav_creation:122] - Diálogo 'Advertência' encontrado.
2025-09-03 13:53:54,033 - INFO - [test_dav_creation:126] - --> Combinação de teclas '{ENTER}' enviada com sucesso.
2025-09-03 13:53:54,115 - INFO - [test_dav_creation:122] - Diálogo 'Atenção' encontrado.
2025-09-03 13:53:54,133 - INFO - [test_dav_creation:126] - --> Combinação de teclas '{ENTER}' enviada com sucesso.
2025-09-03 13:53:55,225 - INFO - [test_dav_creation:273] - Tela de endereços não foi encontrada script continua
2025-09-03 13:53:55,225 - INFO - [test_dav_creation:276] - Passo 9: Verificando configuração do vendedor...
2025-09-03 13:53:55,226 - INFO - [test_dav_creation:277] -    -> Valor de Nat_cfgvendedor: 3
2025-09-03 13:53:55,226 - INFO - [test_dav_creation:285] -    -> CfgVendedor = 3. Inserindo Vendedor pré-selecionado...
2025-09-03 13:53:55,504 - INFO - [test_dav_creation:289] -    -> Vendedor '504' inserido.
2025-09-03 13:53:56,595 - INFO - [test_dav_creation:130] - Diálogo opcional 'Confirmação' não apareceu. Prosseguindo...
2025-09-03 13:53:56,595 - INFO - [test_dav_creation:311] - Passo 12: Inserindo Forma de Pagamento pré-selecionada...
2025-09-03 13:53:56,747 - INFO - [test_dav_creation:315] -    -> Forma de pagamento 'DH' inserida.
2025-09-03 13:53:56,747 - INFO - [test_dav_creation:318] - Passo 13: Pressionando ENTER.
2025-09-03 13:53:56,762 - INFO - [test_dav_creation:322] - Passo 14: Inserindo Condição de Pagamento pré-selecionada...
2025-09-03 13:53:56,962 - INFO - [test_dav_creation:325] -    -> Condição de pagamento '113' inserida.
2025-09-03 13:53:56,962 - INFO - [test_dav_creation:328] - Passo 15: Pressionando ENTER 4x para lançar os itens.
2025-09-03 13:53:57,020 - INFO - [test_dav_creation:330] - Processo de preenchimento inicial do DAV finalizado com sucesso!
2025-09-03 13:53:57,020 - INFO - [test_dav_creation:333] - Passo 16: Verificando a existencia da caixa de diálogo Aliquota de Comissão 
2025-09-03 13:53:57,022 - INFO - [db_handler:37] - Executando query: SELECT Pa5_DigComisDav FROM parametro5...
2025-09-03 13:53:57,028 - INFO - [test_dav_creation:338] - Sistema não permite lançar comissão no DAV pulando para o proximo passo
2025-09-03 13:53:57,028 - INFO - [test_dav_creation:341] - Passo 17: Iniciando lançamento de itens...
2025-09-03 13:53:57,028 - INFO - [test_dav_creation:342] - Iniciando loop para lançar os produtos na tela de DAV...
2025-09-03 13:53:57,028 - INFO - [test_dav_creation:345] -    -> Lançando produto: 1
2025-09-03 13:53:57,436 - INFO - [db_handler:37] - Executando query: SELECT pa2_vultpreco FROM parametro2...
2025-09-03 13:53:57,444 - INFO - [test_dav_creation:357] - Produto tem 1 unidade(s) mapeada(s).
2025-09-03 13:53:57,460 - INFO - [db_handler:37] - Executando query: SELECT Nat_LcLtPeds FROM natoper WHERE Nat_Codigo = %s...
2025-09-03 13:53:57,588 - INFO - [test_dav_creation:375] - Estoque disponível: 4. Quantidade sorteada: 1
2025-09-03 13:53:57,640 - INFO - [db_handler:37] - Executando query: SELECT pa2_infacreped FROM parametro2...
2025-09-03 13:53:57,649 - INFO - [db_handler:37] - Executando query: SELECT pa2_infdescped FROM parametro2...
2025-09-03 13:53:57,833 - INFO - [db_handler:37] - Executando query: SELECT pa4_tipoentit FROM parametro4...
2025-09-03 13:53:57,837 - INFO - [test_dav_creation:390] - Pressionando ENTER 3x para gravar o item.
2025-09-03 13:53:57,883 - INFO - [test_dav_creation:345] -    -> Lançando produto: 2
2025-09-03 13:53:58,186 - INFO - [db_handler:37] - Executando query: SELECT pa2_vultpreco FROM parametro2...
2025-09-03 13:53:58,193 - INFO - [test_dav_creation:357] - Produto tem 1 unidade(s) mapeada(s).
2025-09-03 13:53:58,280 - INFO - [db_handler:37] - Executando query: SELECT Nat_LcLtPeds FROM natoper WHERE Nat_Codigo = %s...
2025-09-03 13:53:58,590 - INFO - [test_dav_creation:375] - Estoque disponível: 2116. Quantidade sorteada: 1690
2025-09-03 13:53:58,637 - INFO - [db_handler:37] - Executando query: SELECT pa2_infacreped FROM parametro2...
2025-09-03 13:53:58,645 - INFO - [db_handler:37] - Executando query: SELECT pa2_infdescped FROM parametro2...
2025-09-03 13:53:58,719 - INFO - [db_handler:37] - Executando query: SELECT pa4_tipoentit FROM parametro4...
2025-09-03 13:53:58,726 - INFO - [test_dav_creation:390] - Pressionando ENTER 3x para gravar o item.
2025-09-03 13:53:58,761 - INFO - [test_dav_creation:393] - Todos os itens selecionados foram lançados com sucesso.
2025-09-03 13:53:58,761 - INFO - [test_dav_creation:394] - ### TESTE CONCLUÍDO: Criação de DAV ###
2025-09-03 13:59:13,833 - INFO - [logger_config:30] - Logger configurado com sucesso.
2025-09-03 13:59:13,834 - INFO - [main:43] - ================ INICIANDO TEST RUNNER ================
2025-09-03 13:59:13,860 - INFO - [authentication:66] - package: mysql.connector.plugins
2025-09-03 13:59:13,860 - INFO - [authentication:67] - plugin_name: mysql_native_password
2025-09-03 13:59:13,861 - INFO - [authentication:71] - AUTHENTICATION_PLUGIN_CLASS: MySQLNativePasswordAuthPlugin
2025-09-03 13:59:13,875 - INFO - [db_handler:26] - Pool de conexões com MySQL para 192.168.0.29:3306 criado com sucesso.
2025-09-03 13:59:23,707 - INFO - [test_dav_creation:141] - ### INICIANDO TESTE: Criação de Documento Auxiliar de Venda (DAV) ###
2025-09-03 13:59:23,708 - INFO - [test_dav_creation:147] - --- FASE 1: Coletando todas as informações necessárias ---
2025-09-03 13:59:23,710 - INFO - [db_handler:37] - Executando query: SELECT n.Nat_Codigo AS codigo_natureza, n.Nat_Desc AS descricao...
2025-09-03 13:59:27,952 - INFO - [test_dav_creation:47] - Usuário selecionou o código: VIN
2025-09-03 13:59:27,954 - INFO - [db_handler:37] - Executando query: SELECT p.PES_CODIGO AS codigo_cliente, p.pes_razao AS nome_cliente...
2025-09-03 13:59:30,485 - INFO - [test_dav_creation:47] - Usuário selecionou o código: 379
2025-09-03 13:59:30,488 - INFO - [db_handler:37] - Executando query: SELECT Nat_cfgvendedor FROM natoper WHERE Nat_Codigo = %s...
2025-09-03 13:59:30,499 - INFO - [db_handler:37] - Executando query: SELECT c.CLB_CODIGO AS codigo_colaborador, c.CLB_RAZAO AS nome_vendedor...
2025-09-03 13:59:35,023 - INFO - [test_dav_creation:47] - Usuário selecionou o código: 504
2025-09-03 13:59:35,026 - INFO - [db_handler:37] - Executando query: SELECT DISTINCT fp.FPG_CODIGO AS codigo_forma, fp.FPG_DESC AS descricao...
2025-09-03 13:59:36,945 - INFO - [test_dav_creation:47] - Usuário selecionou o código: DH
2025-09-03 13:59:36,951 - INFO - [db_handler:37] - Executando query: SELECT DISTINCT cp.CPG_CODIGO as codigo_condicao, cp.CPG_DESC AS descricao...
2025-09-03 13:59:38,719 - INFO - [test_dav_creation:47] - Usuário selecionou o código: 113
2025-09-03 13:59:38,721 - INFO - [db_handler:37] - Executando query: SELECT codigo_produto, nome_produto, EstoqueDisponivel...
2025-09-03 13:59:47,780 - INFO - [test_dav_creation:98] - Usuário selecionou 2 itens: ['1', '2']
2025-09-03 13:59:55,261 - INFO - [db_handler:37] - Executando query: SELECT...
2025-09-03 13:59:55,268 - INFO - [test_dav_creation:197] - --- FASE 1 CONCLUÍDA: Todos os dados foram coletados. ---
2025-09-03 13:59:55,269 - INFO - [test_dav_creation:198] - A automação da interface começará em 3 segundos...
2025-09-03 13:59:58,269 - INFO - [test_dav_creation:204] - --- FASE 2: Iniciando automação da interface do Guardian ---
2025-09-03 13:59:58,348 - INFO - [test_dav_creation:209] - Janela principal do Guardian encontrada e pronta para automação.
2025-09-03 13:59:58,559 - INFO - [test_dav_creation:214] - Passo 3: Navegado para a seção 'Vendas'.
2025-09-03 13:59:58,573 - INFO - [test_dav_creation:218] - Passo 4: Tela de inclusão de DAV aberta.
2025-09-03 13:59:58,573 - INFO - [test_dav_creation:221] - Passo 5: Procurando pela janela filha de Inclusão de DAV...
2025-09-03 13:59:59,113 - INFO - [test_dav_creation:225] -    -> Janela de Inclusão de DAV encontrada. Pressionando F2...
2025-09-03 14:00:00,133 - INFO - [test_dav_creation:130] - Diálogo opcional 'Confirmação' não apareceu. Prosseguindo...
2025-09-03 14:00:00,134 - INFO - [test_dav_creation:232] - Passo 6: Inserindo Natureza de Operação pré-selecionada...
2025-09-03 14:00:00,387 - INFO - [test_dav_creation:235] -    -> Natureza 'VIN' inserida.
2025-09-03 14:00:00,387 - INFO - [test_dav_creation:238] - Passo 7: Verificando Nat_DatEmisPed...
2025-09-03 14:00:00,389 - INFO - [db_handler:37] - Executando query: SELECT Nat_DatEmisPed FROM natoper WHERE Nat_Codigo = %s...
2025-09-03 14:00:00,398 - INFO - [test_dav_creation:244] -    -> Nat_DatEmisPed != 1. Pressionando ENTER 2x.
2025-09-03 14:00:00,423 - INFO - [test_dav_creation:248] - Passo 8: Inserindo Cliente pré-selecionado...
2025-09-03 14:00:00,630 - INFO - [test_dav_creation:251] -    -> Cliente '379' inserido.
2025-09-03 14:00:00,677 - INFO - [test_dav_creation:122] - Diálogo 'Advertência' encontrado.
2025-09-03 14:00:00,691 - INFO - [test_dav_creation:126] - --> Combinação de teclas '{ENTER}' enviada com sucesso.
2025-09-03 14:00:00,751 - INFO - [test_dav_creation:122] - Diálogo 'Atenção' encontrado.
2025-09-03 14:00:00,767 - INFO - [test_dav_creation:126] - --> Combinação de teclas '{ENTER}' enviada com sucesso.
2025-09-03 14:00:01,858 - INFO - [test_dav_creation:273] - Tela de endereços não foi encontrada script continua
2025-09-03 14:00:01,858 - INFO - [test_dav_creation:276] - Passo 9: Verificando configuração do vendedor...
2025-09-03 14:00:01,858 - INFO - [test_dav_creation:277] -    -> Valor de Nat_cfgvendedor: 3
2025-09-03 14:00:01,858 - INFO - [test_dav_creation:285] -    -> CfgVendedor = 3. Inserindo Vendedor pré-selecionado...
2025-09-03 14:00:02,136 - INFO - [test_dav_creation:289] -    -> Vendedor '504' inserido.
2025-09-03 14:00:03,227 - INFO - [test_dav_creation:130] - Diálogo opcional 'Confirmação' não apareceu. Prosseguindo...
2025-09-03 14:00:03,227 - INFO - [test_dav_creation:311] - Passo 12: Inserindo Forma de Pagamento pré-selecionada...
2025-09-03 14:00:03,325 - INFO - [test_dav_creation:315] -    -> Forma de pagamento 'DH' inserida.
2025-09-03 14:00:03,326 - INFO - [test_dav_creation:318] - Passo 13: Pressionando ENTER.
2025-09-03 14:00:03,340 - INFO - [test_dav_creation:322] - Passo 14: Inserindo Condição de Pagamento pré-selecionada...
2025-09-03 14:00:03,586 - INFO - [test_dav_creation:325] -    -> Condição de pagamento '113' inserida.
2025-09-03 14:00:03,588 - INFO - [test_dav_creation:328] - Passo 15: Pressionando ENTER 4x para lançar os itens.
2025-09-03 14:00:03,644 - INFO - [test_dav_creation:330] - Processo de preenchimento inicial do DAV finalizado com sucesso!
2025-09-03 14:00:03,645 - INFO - [test_dav_creation:333] - Passo 16: Verificando a existencia da caixa de diálogo Aliquota de Comissão 
2025-09-03 14:00:03,647 - INFO - [db_handler:37] - Executando query: SELECT Pa5_DigComisDav FROM parametro5...
2025-09-03 14:00:03,652 - INFO - [test_dav_creation:338] - Sistema não permite lançar comissão no DAV pulando para o proximo passo
2025-09-03 14:00:08,889 - INFO - [test_dav_creation:341] - Passo 17: Iniciando lançamento de itens...
2025-09-03 14:00:08,889 - INFO - [test_dav_creation:342] - Iniciando loop para lançar os produtos na tela de DAV...
2025-09-03 14:00:08,890 - INFO - [test_dav_creation:345] -    -> Lançando produto: 1
2025-09-03 14:00:09,078 - INFO - [db_handler:37] - Executando query: SELECT pa2_vultpreco FROM parametro2...
2025-09-03 14:00:09,247 - INFO - [test_dav_creation:357] - Produto tem 1 unidade(s) mapeada(s).
2025-09-03 14:00:09,437 - INFO - [db_handler:37] - Executando query: SELECT Nat_LcLtPeds FROM natoper WHERE Nat_Codigo = %s...
2025-09-03 14:00:09,612 - INFO - [test_dav_creation:375] - Estoque disponível: 4. Quantidade sorteada: 1
2025-09-03 14:00:09,659 - INFO - [db_handler:37] - Executando query: SELECT pa2_infacreped FROM parametro2...
2025-09-03 14:00:09,671 - INFO - [db_handler:37] - Executando query: SELECT pa2_infdescped FROM parametro2...
2025-09-03 14:00:09,745 - INFO - [db_handler:37] - Executando query: SELECT pa4_tipoentit FROM parametro4...
